app/build/intermediates/manifest_merge_blame_file/debug/manifest-merger-blame-debug-report.txt
1<?xml version="1.0" encoding="utf-8"?>
2<manifest xmlns:android="http://schemas.android.com/apk/res/android"
3    package="com.example.cinematxt"
4    android:versionCode="1"
5    android:versionName="1.0" >
6
7    <uses-sdk
8        android:minSdkVersion="21"
8-->src/main/AndroidManifest.xml
9        android:targetSdkVersion="30" />
9-->src/main/AndroidManifest.xml
10
11    <uses-permission android:name="android.permission.INTERNET" />
11-->src/main/AndroidManifest.xml:5:5-67
11-->src/main/AndroidManifest.xml:5:22-64
12
13    <application
13-->src/main/AndroidManifest.xml:7:5-32:19
14        android:allowBackup="true"
14-->src/main/AndroidManifest.xml:8:9-35
15        android:appComponentFactory="androidx.core.app.CoreComponentFactory"
15-->[androidx.core:core:1.3.2] AndroidManifest.xml:24:18-86
16        android:debuggable="true"
17        android:fullBackupContent="true"
17-->src/main/AndroidManifest.xml:9:9-41
18        android:icon="@mipmap/ic_launcher"
18-->src/main/AndroidManifest.xml:10:9-43
19        android:label="@string/app_name"
19-->src/main/AndroidManifest.xml:11:9-41
20        android:roundIcon="@mipmap/ic_launcher_round"
20-->src/main/AndroidManifest.xml:12:9-54
21        android:supportsRtl="true"
21-->src/main/AndroidManifest.xml:13:9-35
22        android:theme="@style/Theme.CinemaTXT" >
22-->src/main/AndroidManifest.xml:14:9-47
23        <activity
23-->src/main/AndroidManifest.xml:15:9-22:20
24            android:name="com.abadisurio.cinematxt.SplashScreenActivity"
24-->src/main/AndroidManifest.xml:16:13-49
25            android:theme="@style/Theme.CinemaTXT.NoActionBar" >
25-->src/main/AndroidManifest.xml:17:13-63
26            <intent-filter>
26-->src/main/AndroidManifest.xml:18:13-21:29
27                <action android:name="android.intent.action.MAIN" />
27-->src/main/AndroidManifest.xml:19:17-69
27-->src/main/AndroidManifest.xml:19:25-66
28
29                <category android:name="android.intent.category.LAUNCHER" />
29-->src/main/AndroidManifest.xml:20:17-77
29-->src/main/AndroidManifest.xml:20:27-74
30            </intent-filter>
31        </activity>
32        <activity
32-->src/main/AndroidManifest.xml:23:9-30:20
33            android:name="com.abadisurio.cinematxt.ui.detail.DetailActivity"
33-->src/main/AndroidManifest.xml:24:13-53
34            android:parentActivityName="com.abadisurio.cinematxt.ui.home.HomeActivity"
34-->src/main/AndroidManifest.xml:25:13-63
35            android:theme="@style/Theme.CinemaTXT.NoActionBar" >
35-->src/main/AndroidManifest.xml:26:13-63
36            <meta-data
36-->src/main/AndroidManifest.xml:27:13-29:57
37                android:name="android.support.PARENT_ACTIVITY"
37-->src/main/AndroidManifest.xml:28:17-63
38                android:value=".ui.home.HomeActivity" />
38-->src/main/AndroidManifest.xml:29:17-54
39        </activity>
40        <activity android:name="com.abadisurio.cinematxt.ui.home.HomeActivity" />
40-->src/main/AndroidManifest.xml:31:9-57
40-->src/main/AndroidManifest.xml:31:19-55
41    </application>
42
43</manifest>